Determining if the pthread_create exist failed with the following output:
Change Dir: /data-nbd/LQ/LIUQIAN/python_model_test/YOLO-NAS-CPP-Inference/build/CMakeFiles/CMakeTmp

Run Build Command:"/usr/bin/make" "cmTC_d5caf/fast"
/usr/bin/make -f CMakeFiles/cmTC_d5caf.dir/build.make CMakeFiles/cmTC_d5caf.dir/build
make[1]: Entering directory '/data-nbd/LQ/LIUQIAN/python_model_test/YOLO-NAS-CPP-Inference/build/CMakeFiles/CMakeTmp'
Building C object CMakeFiles/cmTC_d5caf.dir/CheckSymbolExists.c.o
/usr/bin/cc   -fPIC    -o CMakeFiles/cmTC_d5caf.dir/CheckSymbolExists.c.o   -c /data-nbd/LQ/LIUQIAN/python_model_test/YOLO-NAS-CPP-Inference/build/CMakeFiles/CMakeTmp/CheckSymbolExists.c
Linking C executable cmTC_d5caf
/usr/bin/cmake -E cmake_link_script CMakeFiles/cmTC_d5caf.dir/link.txt --verbose=1
/usr/bin/cc -fPIC     CMakeFiles/cmTC_d5caf.dir/CheckSymbolExists.c.o  -o cmTC_d5caf 
CMakeFiles/cmTC_d5caf.dir/CheckSymbolExists.c.o: In function `main':
CheckSymbolExists.c:(.text+0x1b): undefined reference to `pthread_create'
collect2: error: ld returned 1 exit status
CMakeFiles/cmTC_d5caf.dir/build.make:97: recipe for target 'cmTC_d5caf' failed
make[1]: *** [cmTC_d5caf] Error 1
make[1]: Leaving directory '/data-nbd/LQ/LIUQIAN/python_model_test/YOLO-NAS-CPP-Inference/build/CMakeFiles/CMakeTmp'
Makefile:126: recipe for target 'cmTC_d5caf/fast' failed
make: *** [cmTC_d5caf/fast] Error 2

File /data-nbd/LQ/LIUQIAN/python_model_test/YOLO-NAS-CPP-Inference/build/CMakeFiles/CMakeTmp/CheckSymbolExists.c:
/* */
#include <pthread.h>

int main(int argc, char** argv)
{
  (void)argv;
#ifndef pthread_create
  return ((int*)(&pthread_create))[argc];
#else
  (void)argc;
  return 0;
#endif
}

Determining if the function pthread_create exists in the pthreads failed with the following output:
Change Dir: /data-nbd/LQ/LIUQIAN/python_model_test/YOLO-NAS-CPP-Inference/build/CMakeFiles/CMakeTmp

Run Build Command:"/usr/bin/make" "cmTC_58ffc/fast"
/usr/bin/make -f CMakeFiles/cmTC_58ffc.dir/build.make CMakeFiles/cmTC_58ffc.dir/build
make[1]: Entering directory '/data-nbd/LQ/LIUQIAN/python_model_test/YOLO-NAS-CPP-Inference/build/CMakeFiles/CMakeTmp'
Building C object CMakeFiles/cmTC_58ffc.dir/CheckFunctionExists.c.o
/usr/bin/cc   -fPIC -DCHECK_FUNCTION_EXISTS=pthread_create   -o CMakeFiles/cmTC_58ffc.dir/CheckFunctionExists.c.o   -c /usr/share/cmake-3.10/Modules/CheckFunctionExists.c
Linking C executable cmTC_58ffc
/usr/bin/cmake -E cmake_link_script CMakeFiles/cmTC_58ffc.dir/link.txt --verbose=1
/usr/bin/cc -fPIC -DCHECK_FUNCTION_EXISTS=pthread_create    CMakeFiles/cmTC_58ffc.dir/CheckFunctionExists.c.o  -o cmTC_58ffc -lpthreads 
/usr/bin/ld: cannot find -lpthreads
collect2: error: ld returned 1 exit status
CMakeFiles/cmTC_58ffc.dir/build.make:97: recipe for target 'cmTC_58ffc' failed
make[1]: *** [cmTC_58ffc] Error 1
make[1]: Leaving directory '/data-nbd/LQ/LIUQIAN/python_model_test/YOLO-NAS-CPP-Inference/build/CMakeFiles/CMakeTmp'
Makefile:126: recipe for target 'cmTC_58ffc/fast' failed
make: *** [cmTC_58ffc/fast] Error 2


